<?xml version="1.0" encoding="UTF-8"?>
<!-- Generated by org.testng.reporters.JUnitReportReporter -->
<testsuite hostname="JHADE-SABRINA" failures="0" tests="1" name="com.google.googleTest" time="10.720" errors="0" timestamp="29 oct. 2021 01:14:24 GMT" skipped="0">
  <testcase classname="com.google.googleTest" name="f" time="10.720"/>
</testsuite> <!-- com.google.googleTest -->
